<?xml version="1.0" encoding="UTF-8"?>
<testng-results skipped="0" failed="0" ignored="0" total="1" passed="1">
  <reporter-output>
  </reporter-output>
  <suite name="Default suite" duration-ms="23062" started-at="2019-06-11T08:17:55Z" finished-at="2019-06-11T08:18:18Z">
    <groups>
    </groups>
    <test name="Default test" duration-ms="23062" started-at="2019-06-11T08:17:55Z" finished-at="2019-06-11T08:18:18Z">
      <class name="com.amazon.qa.testcases.HomePageTest">
        <test-method status="PASS" signature="Setup()[pri:0, instance:com.amazon.qa.testcases.HomePageTest@6e1567f1]" name="Setup" is-config="true" duration-ms="12287" started-at="2019-06-11T08:17:55Z" finished-at="2019-06-11T08:18:08Z">
          <reporter-output>
          </reporter-output>
        </test-method> <!-- Setup -->
        <test-method status="PASS" signature="switchtotabtest()[pri:0, instance:com.amazon.qa.testcases.HomePageTest@6e1567f1]" name="switchtotabtest" duration-ms="10054" started-at="2019-06-11T08:18:08Z" finished-at="2019-06-11T08:18:18Z">
          <reporter-output>
          </reporter-output>
        </test-method> <!-- switchtotabtest -->
        <test-method status="PASS" signature="teardown()[pri:0, instance:com.amazon.qa.testcases.HomePageTest@6e1567f1]" name="teardown" is-config="true" duration-ms="661" started-at="2019-06-11T08:18:18Z" finished-at="2019-06-11T08:18:18Z">
          <reporter-output>
          </reporter-output>
        </test-method> <!-- teardown -->
      </class> <!-- com.amazon.qa.testcases.HomePageTest -->
    </test> <!-- Default test -->
  </suite> <!-- Default suite -->
</testng-results>
