<?xml version="1.0" encoding="UTF-8"?>
<testng-results skipped="0" failed="0" ignored="0" total="1" passed="1">
  <reporter-output>
  </reporter-output>
  <suite name="Default suite" duration-ms="13054" started-at="2019-06-01T07:43:59Z" finished-at="2019-06-01T07:44:12Z">
    <groups>
    </groups>
    <test name="Default test" duration-ms="13054" started-at="2019-06-01T07:43:59Z" finished-at="2019-06-01T07:44:12Z">
      <class name="com.amazon.qa.testcases.HomePageTest">
        <test-method status="PASS" signature="Setup()[pri:0, instance:com.amazon.qa.testcases.HomePageTest@f6c48ac]" name="Setup" is-config="true" duration-ms="10481" started-at="2019-06-01T07:43:59Z" finished-at="2019-06-01T07:44:09Z">
          <reporter-output>
          </reporter-output>
        </test-method> <!-- Setup -->
        <test-method status="PASS" signature="VerifyLogoTest()[pri:0, instance:com.amazon.qa.testcases.HomePageTest@f6c48ac]" name="VerifyLogoTest" duration-ms="158" started-at="2019-06-01T07:44:09Z" finished-at="2019-06-01T07:44:09Z">
          <reporter-output>
          </reporter-output>
        </test-method> <!-- VerifyLogoTest -->
        <test-method status="PASS" signature="teardown()[pri:0, instance:com.amazon.qa.testcases.HomePageTest@f6c48ac]" name="teardown" is-config="true" duration-ms="2357" started-at="2019-06-01T07:44:09Z" finished-at="2019-06-01T07:44:12Z">
          <reporter-output>
          </reporter-output>
        </test-method> <!-- teardown -->
      </class> <!-- com.amazon.qa.testcases.HomePageTest -->
    </test> <!-- Default test -->
  </suite> <!-- Default suite -->
</testng-results>
